<?xml version="1.0" encoding="UTF-8"?>
<!-- Generated by org.testng.reporters.JUnitXMLReporter -->
<testsuite hostname="Lokeshs-MacBook-Pro.local" ignored="0" name="Test2" tests="3" failures="0" timestamp="2021-05-16T18:44:41 IST" time="93.607" errors="0">
  <testcase name="login" time="11.323" classname="testCases.TC001_Login_Real_Device2"/>
  <testcase name="login2" time="10.992" classname="testCases.TC001_Login_Real_Device2"/>
  <testcase name="login3" time="11.518" classname="testCases.TC001_Login_Real_Device2"/>
</testsuite> <!-- Test2 -->
