<?xml version="1.0" encoding="UTF-8"?>
<!-- Generated by org.testng.reporters.JUnitXMLReporter -->
<testsuite hostname="Lokeshs-MacBook-Pro.local" ignored="0" name="Test" tests="3" failures="0" timestamp="2021-05-16T18:44:36 IST" time="89.407" errors="0">
  <testcase name="login" time="13.793" classname="testCases.TC001_Login_Real_Device2"/>
  <testcase name="login2" time="13.254" classname="testCases.TC001_Login_Real_Device2"/>
  <testcase name="login3" time="13.884" classname="testCases.TC001_Login_Real_Device2"/>
</testsuite> <!-- Test -->
